#
# A fatal error has been detected by the Java Runtime Environment:
#
#  EXCEPTION_ACCESS_VIOLATION (0xc0000005) at pc=0x000007feb6f8e641, pid=10172, tid=11748
#
# JRE version: Java(TM) SE Runtime Environment (16.0.1+9) (build 16.0.1+9-24)
# Java VM: Java HotSpot(TM) 64-Bit Server VM (16.0.1+9-24, mixed mode, sharing, tiered, compressed oops, compressed class ptrs, g1 gc, windows-amd64)
# Problematic frame:
# V  [jvm.dll+0x3de641]
#
# No core dump will be written. Minidumps are not enabled by default on client versions of Windows
#
# If you would like to submit a bug report, please visit:
#   https://bugreport.java.com/bugreport/crash.jsp
#

---------------  S U M M A R Y ------------

Command Line: -Djava.library.path=C:\Users\fpinilla\Desktop\HMI\Workspaces\fastcom\fastcom_test\src\dll -Dfile.encoding=Cp1252 --module-path=C:\Users\fpinilla\Desktop\HMI\Workspaces\fastcom\fastcom_test\target\classes;C:\Users\fpinilla\.m2\repository\org\openjfx\javafx-controls\15.0.1\javafx-controls-15.0.1-win.jar;C:\Users\fpinilla\.m2\repository\org\openjfx\javafx-graphics\15.0.1\javafx-graphics-15.0.1-win.jar;C:\Users\fpinilla\.m2\repository\org\openjfx\javafx-base\15.0.1\javafx-base-15.0.1-win.jar;C:\Users\fpinilla\.m2\repository\org\openjfx\javafx-fxml\17-ea+9\javafx-fxml-17-ea+9-win.jar -XX:+ShowCodeDetailsInExceptionMessages -Djdk.module.main=fastcom_test fastcom_test/main.Main java -Djava.library.path =. dll

Host: Intel(R) Core(TM) i5-4590 CPU @ 3.30GHz, 4 cores, 11G,  Windows 7 , 64 bit Build 7601 (6.1.7601.24520)
Time: Fri May 21 14:08:50 2021 Hora est. Pacífico, Sudamérica elapsed time: 2.627192 seconds (0d 0h 0m 2s)

---------------  T H R E A D  ---------------

Current thread (0x00000000259ee940):  JavaThread "JavaFX Application Thread" [_thread_in_vm, id=11748, stack(0x00000000262d0000,0x00000000263d0000)]

Stack: [0x00000000262d0000,0x00000000263d0000],  sp=0x00000000263cbd20,  free space=1007k
Native frames: (J=compiled Java code, j=interpreted, Vv=VM code, C=native code)
V  [jvm.dll+0x3de641]
C  [fastcomdll.dll+0x5c73]

Java frames: (J=compiled Java code, j=interpreted, Vv=VM code)
j  dll.SYNCCOM_Loader.SYNCCOM_SET_REGISTERS(Lsynccom/SYNCCOMRegisters;)V+0 fastcom_test
j  controlador.ControllerFx.onSendAction(Ljavafx/event/ActionEvent;)V+23 fastcom_test
v  ~StubRoutines::call_stub
J 1911  jdk.internal.reflect.NativeMethodAccessorImpl.invoke0(Ljava/lang/reflect/Method;Ljava/lang/Object;[Ljava/lang/Object;)Ljava/lang/Object; java.base@16.0.1 (0 bytes) @ 0x0000000011a96dcf [0x0000000011a96d40+0x000000000000008f]
J 1910 c1 jdk.internal.reflect.NativeMethodAccessorImpl.invoke(Ljava/lang/Object;[Ljava/lang/Object;)Ljava/lang/Object; java.base@16.0.1 (150 bytes) @ 0x000000000a84073c [0x000000000a83fac0+0x0000000000000c7c]
J 1212 c1 jdk.internal.reflect.DelegatingMethodAccessorImpl.invoke(Ljava/lang/Object;[Ljava/lang/Object;)Ljava/lang/Object; java.base@16.0.1 (10 bytes) @ 0x000000000a6b8e4c [0x000000000a6b8d40+0x000000000000010c]
J 1211 c1 java.lang.reflect.Method.invoke(Ljava/lang/Object;[Ljava/lang/Object;)Ljava/lang/Object; java.base@16.0.1 (65 bytes) @ 0x000000000a6b88cc [0x000000000a6b8580+0x000000000000034c]
j  com.sun.javafx.reflect.Trampoline.invoke(Ljava/lang/reflect/Method;Ljava/lang/Object;[Ljava/lang/Object;)Ljava/lang/Object;+7
j  jdk.internal.reflect.GeneratedMethodAccessor2.invoke(Ljava/lang/Object;[Ljava/lang/Object;)Ljava/lang/Object;+40
J 1212 c1 jdk.internal.reflect.DelegatingMethodAccessorImpl.invoke(Ljava/lang/Object;[Ljava/lang/Object;)Ljava/lang/Object; java.base@16.0.1 (10 bytes) @ 0x000000000a6b8e4c [0x000000000a6b8d40+0x000000000000010c]
J 1211 c1 java.lang.reflect.Method.invoke(Ljava/lang/Object;[Ljava/lang/Object;)Ljava/lang/Object; java.base@16.0.1 (65 bytes) @ 0x000000000a6b88cc [0x000000000a6b8580+0x000000000000034c]
j  com.sun.javafx.reflect.MethodUtil.invoke(Ljava/lang/reflect/Method;Ljava/lang/Object;[Ljava/lang/Object;)Ljava/lang/Object;+20 javafx.base
j  com.sun.javafx.fxml.MethodHelper.invoke(Ljava/lang/reflect/Method;Ljava/lang/Object;[Ljava/lang/Object;)Ljava/lang/Object;+142 javafx.fxml
j  javafx.fxml.FXMLLoader$MethodHandler.invoke([Ljava/lang/Object;)V+19 javafx.fxml
j  javafx.fxml.FXMLLoader$ControllerMethodEventHandler.handle(Ljavafx/event/Event;)V+12 javafx.fxml
j  com.sun.javafx.event.CompositeEventHandler.dispatchBubblingEvent(Ljavafx/event/Event;)V+51 javafx.base
J 2230 c1 com.sun.javafx.event.EventHandlerManager.dispatchBubblingEvent(Ljavafx/event/EventType;Ljavafx/event/Event;)Ljavafx/event/Event; javafx.base (41 bytes) @ 0x000000000a8b2664 [0x000000000a8b2020+0x0000000000000644]
J 2513 c1 com.sun.javafx.event.EventHandlerManager.dispatchBubblingEvent(Ljavafx/event/Event;)Ljavafx/event/Event; javafx.base (23 bytes) @ 0x000000000a92aabc [0x000000000a92a960+0x000000000000015c]
j  com.sun.javafx.event.CompositeEventDispatcher.dispatchBubblingEvent(Ljavafx/event/Event;)Ljavafx/event/Event;+11 javafx.base
J 2238 c1 com.sun.javafx.event.BasicEventDispatcher.dispatchEvent(Ljavafx/event/Event;Ljavafx/event/EventDispatchChain;)Ljavafx/event/Event; javafx.base (44 bytes) @ 0x000000000a8b58dc [0x000000000a8b5580+0x000000000000035c]
J 2251 c1 com.sun.javafx.event.EventDispatchChainImpl.dispatchEvent(Ljavafx/event/Event;)Ljavafx/event/Event; javafx.base (101 bytes) @ 0x000000000a8bdfac [0x000000000a8bdde0+0x00000000000001cc]
J 2238 c1 com.sun.javafx.event.BasicEventDispatcher.dispatchEvent(Ljavafx/event/Event;Ljavafx/event/EventDispatchChain;)Ljavafx/event/Event; javafx.base (44 bytes) @ 0x000000000a8b57ec [0x000000000a8b5580+0x000000000000026c]
J 2251 c1 com.sun.javafx.event.EventDispatchChainImpl.dispatchEvent(Ljavafx/event/Event;)Ljavafx/event/Event; javafx.base (101 bytes) @ 0x000000000a8bdfac [0x000000000a8bdde0+0x00000000000001cc]
J 2238 c1 com.sun.javafx.event.BasicEventDispatcher.dispatchEvent(Ljavafx/event/Event;Ljavafx/event/EventDispatchChain;)Ljavafx/event/Event; javafx.base (44 bytes) @ 0x000000000a8b57ec [0x000000000a8b5580+0x000000000000026c]
J 2251 c1 com.sun.javafx.event.EventDispatchChainImpl.dispatchEvent(Ljavafx/event/Event;)Ljavafx/event/Event; javafx.base (101 bytes) @ 0x000000000a8bdfac [0x000000000a8bdde0+0x00000000000001cc]
J 2238 c1 com.sun.javafx.event.BasicEventDispatcher.dispatchEvent(Ljavafx/event/Event;Ljavafx/event/EventDispatchChain;)Ljavafx/event/Event; javafx.base (44 bytes) @ 0x000000000a8b57ec [0x000000000a8b5580+0x000000000000026c]
J 2251 c1 com.sun.javafx.event.EventDispatchChainImpl.dispatchEvent(Ljavafx/event/Event;)Ljavafx/event/Event; javafx.base (101 bytes) @ 0x000000000a8bdfac [0x000000000a8bdde0+0x00000000000001cc]
J 2238 c1 com.sun.javafx.event.BasicEventDispatcher.dispatchEvent(Ljavafx/event/Event;Ljavafx/event/EventDispatchChain;)Ljavafx/event/Event; javafx.base (44 bytes) @ 0x000000000a8b57ec [0x000000000a8b5580+0x000000000000026c]
J 2251 c1 com.sun.javafx.event.EventDispatchChainImpl.dispatchEvent(Ljavafx/event/Event;)Ljavafx/event/Event; javafx.base (101 bytes) @ 0x000000000a8bdfac [0x000000000a8bdde0+0x00000000000001cc]
J 2238 c1 com.sun.javafx.event.BasicEventDispatcher.dispatchEvent(Ljavafx/event/Event;Ljavafx/event/EventDispatchChain;)Ljavafx/event/Event; javafx.base (44 bytes) @ 0x000000000a8b57ec [0x000000000a8b5580+0x000000000000026c]
J 2251 c1 com.sun.javafx.event.EventDispatchChainImpl.dispatchEvent(Ljavafx/event/Event;)Ljavafx/event/Event; javafx.base (101 bytes) @ 0x000000000a8bdfac [0x000000000a8bdde0+0x00000000000001cc]
j  com.sun.javafx.event.EventUtil.fireEventImpl(Ljavafx/event/EventDispatchChain;Ljavafx/event/EventTarget;Ljavafx/event/Event;)Ljavafx/event/Event;+10 javafx.base
j  com.sun.javafx.event.EventUtil.fireEvent(Ljavafx/event/EventTarget;Ljavafx/event/Event;)Ljavafx/event/Event;+37 javafx.base
j  javafx.event.Event.fireEvent(Ljavafx/event/EventTarget;Ljavafx/event/Event;)V+30 javafx.base
j  javafx.scene.Node.fireEvent(Ljavafx/event/Event;)V+86 javafx.graphics
j  javafx.scene.control.Button.fire()V+15 javafx.controls
j  com.sun.javafx.scene.control.behavior.ButtonBehavior.mouseReleased(Ljavafx/scene/input/MouseEvent;)V+27 javafx.controls
j  com.sun.javafx.scene.control.behavior.ButtonBehavior$$Lambda$244+0x0000000800de1658.handle(Ljavafx/event/Event;)V+8 javafx.controls
j  com.sun.javafx.scene.control.inputmap.InputMap.handle(Ljavafx/event/Event;)V+61 javafx.controls
j  com.sun.javafx.scene.control.inputmap.InputMap$$Lambda$239+0x0000000800de3918.handle(Ljavafx/event/Event;)V+5 javafx.controls
j  com.sun.javafx.event.CompositeEventHandler$NormalEventHandlerRecord.handleBubblingEvent(Ljavafx/event/Event;)V+5 javafx.base
j  com.sun.javafx.event.CompositeEventHandler.dispatchBubblingEvent(Ljavafx/event/Event;)V+28 javafx.base
J 2230 c1 com.sun.javafx.event.EventHandlerManager.dispatchBubblingEvent(Ljavafx/event/EventType;Ljavafx/event/Event;)Ljavafx/event/Event; javafx.base (41 bytes) @ 0x000000000a8b2664 [0x000000000a8b2020+0x0000000000000644]
J 2513 c1 com.sun.javafx.event.EventHandlerManager.dispatchBubblingEvent(Ljavafx/event/Event;)Ljavafx/event/Event; javafx.base (23 bytes) @ 0x000000000a92aabc [0x000000000a92a960+0x000000000000015c]
j  com.sun.javafx.event.CompositeEventDispatcher.dispatchBubblingEvent(Ljavafx/event/Event;)Ljavafx/event/Event;+11 javafx.base
J 2238 c1 com.sun.javafx.event.BasicEventDispatcher.dispatchEvent(Ljavafx/event/Event;Ljavafx/event/EventDispatchChain;)Ljavafx/event/Event; javafx.base (44 bytes) @ 0x000000000a8b58dc [0x000000000a8b5580+0x000000000000035c]
J 2251 c1 com.sun.javafx.event.EventDispatchChainImpl.dispatchEvent(Ljavafx/event/Event;)Ljavafx/event/Event; javafx.base (101 bytes) @ 0x000000000a8bdfac [0x000000000a8bdde0+0x00000000000001cc]
J 2238 c1 com.sun.javafx.event.BasicEventDispatcher.dispatchEvent(Ljavafx/event/Event;Ljavafx/event/EventDispatchChain;)Ljavafx/event/Event; javafx.base (44 bytes) @ 0x000000000a8b57ec [0x000000000a8b5580+0x000000000000026c]
J 2251 c1 com.sun.javafx.event.EventDispatchChainImpl.dispatchEvent(Ljavafx/event/Event;)Ljavafx/event/Event; javafx.base (101 bytes) @ 0x000000000a8bdfac [0x000000000a8bdde0+0x00000000000001cc]
J 2238 c1 com.sun.javafx.event.BasicEventDispatcher.dispatchEvent(Ljavafx/event/Event;Ljavafx/event/EventDispatchChain;)Ljavafx/event/Event; javafx.base (44 bytes) @ 0x000000000a8b57ec [0x000000000a8b5580+0x000000000000026c]
J 2251 c1 com.sun.javafx.event.EventDispatchChainImpl.dispatchEvent(Ljavafx/event/Event;)Ljavafx/event/Event; javafx.base (101 bytes) @ 0x000000000a8bdfac [0x000000000a8bdde0+0x00000000000001cc]
J 2238 c1 com.sun.javafx.event.BasicEventDispatcher.dispatchEvent(Ljavafx/event/Event;Ljavafx/event/EventDispatchChain;)Ljavafx/event/Event; javafx.base (44 bytes) @ 0x000000000a8b57ec [0x000000000a8b5580+0x000000000000026c]
J 2251 c1 com.sun.javafx.event.EventDispatchChainImpl.dispatchEvent(Ljavafx/event/Event;)Ljavafx/event/Event; javafx.base (101 bytes) @ 0x000000000a8bdfac [0x000000000a8bdde0+0x00000000000001cc]
J 2238 c1 com.sun.javafx.event.BasicEventDispatcher.dispatchEvent(Ljavafx/event/Event;Ljavafx/event/EventDispatchChain;)Ljavafx/event/Event; javafx.base (44 bytes) @ 0x000000000a8b57ec [0x000000000a8b5580+0x000000000000026c]
J 2251 c1 com.sun.javafx.event.EventDispatchChainImpl.dispatchEvent(Ljavafx/event/Event;)Ljavafx/event/Event; javafx.base (101 bytes) @ 0x000000000a8bdfac [0x000000000a8bdde0+0x00000000000001cc]
J 2238 c1 com.sun.javafx.event.BasicEventDispatcher.dispatchEvent(Ljavafx/event/Event;Ljavafx/event/EventDispatchChain;)Ljavafx/event/Event; javafx.base (44 bytes) @ 0x000000000a8b57ec [0x000000000a8b5580+0x000000000000026c]
J 2251 c1 com.sun.javafx.event.EventDispatchChainImpl.dispatchEvent(Ljavafx/event/Event;)Ljavafx/event/Event; javafx.base (101 bytes) @ 0x000000000a8bdfac [0x000000000a8bdde0+0x00000000000001cc]
j  com.sun.javafx.event.EventUtil.fireEventImpl(Ljavafx/event/EventDispatchChain;Ljavafx/event/EventTarget;Ljavafx/event/Event;)Ljavafx/event/Event;+10 javafx.base
j  com.sun.javafx.event.EventUtil.fireEvent(Ljavafx/event/EventTarget;Ljavafx/event/Event;)Ljavafx/event/Event;+46 javafx.base
j  javafx.event.Event.fireEvent(Ljavafx/event/EventTarget;Ljavafx/event/Event;)V+30 javafx.base
j  javafx.scene.Scene$MouseHandler.process(Ljavafx/scene/input/MouseEvent;Z)V+526 javafx.graphics
j  javafx.scene.Scene.processMouseEvent(Ljavafx/scene/input/MouseEvent;)V+6 javafx.graphics
j  javafx.scene.Scene$ScenePeerListener.mouseEvent(Ljavafx/event/EventType;DDDDLjavafx/scene/input/MouseButton;ZZZZZZZZZZZ)V+50 javafx.graphics
j  com.sun.javafx.tk.quantum.GlassViewEventHandler$MouseEventNotification.run()Ljava/lang/Void;+650 javafx.graphics
j  com.sun.javafx.tk.quantum.GlassViewEventHandler$MouseEventNotification.run()Ljava/lang/Object;+1 javafx.graphics
J 2505 c1 java.security.AccessController.doPrivileged(Ljava/security/PrivilegedAction;Ljava/security/AccessControlContext;)Ljava/lang/Object; java.base@16.0.1 (17 bytes) @ 0x000000000a9295e4 [0x000000000a929400+0x00000000000001e4]
j  com.sun.javafx.tk.quantum.GlassViewEventHandler.lambda$handleMouseEvent$2()Ljava/lang/Void;+11 javafx.graphics
j  com.sun.javafx.tk.quantum.GlassViewEventHandler$$Lambda$554+0x0000000800e6a010.get()Ljava/lang/Object;+4 javafx.graphics
j  com.sun.javafx.tk.quantum.QuantumToolkit.runWithoutRenderLock(Ljava/util/function/Supplier;)Ljava/lang/Object;+18 javafx.graphics
j  com.sun.javafx.tk.quantum.GlassViewEventHandler.handleMouseEvent(Lcom/sun/glass/ui/View;JIIIIIIIZZ)V+103 javafx.graphics
j  com.sun.glass.ui.View.handleMouseEvent(JIIIIIIIZZ)V+30 javafx.graphics
j  com.sun.glass.ui.View.notifyMouse(IIIIIIIZZ)V+181 javafx.graphics
v  ~StubRoutines::call_stub
j  com.sun.glass.ui.win.WinApplication._runLoop(Ljava/lang/Runnable;)V+0 javafx.graphics
j  com.sun.glass.ui.win.WinApplication.lambda$runLoop$3(ILjava/lang/Runnable;)V+8 javafx.graphics
j  com.sun.glass.ui.win.WinApplication$$Lambda$74+0x0000000800c2b648.run()V+12 javafx.graphics
j  java.lang.Thread.run()V+11 java.base@16.0.1
v  ~StubRoutines::call_stub

siginfo: EXCEPTION_ACCESS_VIOLATION (0xc0000005), reading address 0x0000000000000014


Register to memory mapping:

RIP=0x000007feb6f8e641 jvm.dll
RAX=0x000000000000000c is an unknown value
RBX=0x00000000259ee940 is a thread
RCX=0x000000000000000c is an unknown value
RDX=0x00000000254bedf8 points into unknown readable memory: 0x0000000000000008 | 08 00 00 00 00 00 00 00
RSP=0x00000000263cbd20 is pointing into the stack for thread: 0x00000000259ee940
RBP=0x0000000000000008 is an unknown value
RSI=0x00000000254bedf8 points into unknown readable memory: 0x0000000000000008 | 08 00 00 00 00 00 00 00
RDI=0x0 is NULL
R8 =0x0 is NULL
R9 =0x0000000000000769 is an unknown value
R10=0x00000000259ee940 is a thread
R11=0x00000000263cbcf8 is pointing into the stack for thread: 0x00000000259ee940
R12=0x0 is NULL
R13={method} {0x0000000023d9de38} 'SYNCCOM_SET_REGISTERS' '(Lsynccom/SYNCCOMRegisters;)V' in 'dll/SYNCCOM_Loader'
R14=0x00000000263cbf60 is pointing into the stack for thread: 0x00000000259ee940
R15=0x0000000000000010 is an unknown value


Registers:
RAX=0x000000000000000c, RBX=0x00000000259ee940, RCX=0x000000000000000c, RDX=0x00000000254bedf8
RSP=0x00000000263cbd20, RBP=0x0000000000000008, RSI=0x00000000254bedf8, RDI=0x0000000000000000
R8 =0x0000000000000000, R9 =0x0000000000000769, R10=0x00000000259ee940, R11=0x00000000263cbcf8
R12=0x0000000000000000, R13=0x0000000023d9de30, R14=0x00000000263cbf60, R15=0x0000000000000010
RIP=0x000007feb6f8e641, EFLAGS=0x0000000000010202

Top of Stack: (sp=0x00000000263cbd20)
0x00000000263cbd20:   00000000259ee940 0000000023d9de30
0x00000000263cbd30:   00000000259ee940 00000000258f4f08
0x00000000263cbd40:   00000000259ee940 0000000000000006
0x00000000263cbd50:   0000000023d9de30 000000006bac5c73
0x00000000263cbd60:   00000000263cbd80 0000000009f29626
0x00000000263cbd70:   0000000000000000 000007feb6f29978
0x00000000263cbd80:   00000000263cbe10 000000006bac3eb6
0x00000000263cbd90:   00000000259eec50 00000000254bedf8
0x00000000263cbda0:   0000000000000000 000000006bac745f
0x00000000263cbdb0:   00000000233b42b0 00000000259ee940
0x00000000263cbdc0:   0000f3668967c531 00000000259e0000
0x00000000263cbdd0:   00000000263cbf60 0000000009f29626
0x00000000263cbde0:   00000000259ee940 00000000259ee940
0x00000000263cbdf0:   0000000000000000 00000000263cbe70
0x00000000263cbe00:   00000000263cbf60 000007feb71d0224
0x00000000263cbe10:   00000000289d83b0 00000000263cbe70 

Instructions: (pc=0x000007feb6f8e641)
0x000007feb6f8e541:   8b 7c 24 48 a8 01 74 08 48 8b cb e8 2f b7 2e 00
0x000007feb6f8e551:   48 8b c6 c7 83 80 03 00 00 04 00 00 00 48 83 c4
0x000007feb6f8e561:   28 5e 5b c3 cc cc cc cc cc cc cc cc cc cc cc 40
0x000007feb6f8e571:   53 56 48 83 ec 28 8b 81 88 00 00 00 48 8d 99 f0
0x000007feb6f8e581:   fc ff ff 48 89 6c 24 40 05 55 21 ff ff 48 89 7c
0x000007feb6f8e591:   24 48 48 8b f2 4c 89 64 24 50 49 8b f8 45 33 e4
0x000007feb6f8e5a1:   4c 89 7c 24 20 83 f8 01 76 0b 48 8b cb e8 bd b4
0x000007feb6f8e5b1:   39 00 41 8b dc c7 83 80 03 00 00 05 00 00 00 e8
0x000007feb6f8e5c1:   3b b6 27 00 48 8b 03 48 8b cb ff 50 38 84 c0 74
0x000007feb6f8e5d1:   0b 48 8b 83 18 01 00 00 24 01 eb 0b 8b 05 6d 2b
0x000007feb6f8e5e1:   71 00 85 c0 0f 95 c0 84 c0 75 0d 8b 83 e8 00 00
0x000007feb6f8e5f1:   00 a9 0c 00 00 20 74 08 48 8b cb e8 3f ba 39 00
0x000007feb6f8e601:   c7 83 80 03 00 00 06 00 00 00 40 f6 c6 01 74 0c
0x000007feb6f8e611:   48 8d 4e ff ff 15 e5 25 69 00 eb 09 48 8b ce ff
0x000007feb6f8e621:   15 fa a9 68 00 44 38 25 54 92 6f 00 48 8b e8 b9
0x000007feb6f8e631:   0c 00 00 00 41 bf 10 00 00 00 41 8b c7 0f 45 c1
0x000007feb6f8e641:   48 63 0c 28 85 c9 75 12 48 85 ff 74 03 44 88 27
0x000007feb6f8e651:   e8 4a 77 00 00 48 8b f0 eb 58 ba 08 00 00 00 4c
0x000007feb6f8e661:   89 74 24 58 4c 8b f1 48 8d 0c 8d 00 00 00 00 44
0x000007feb6f8e671:   8d 42 f9 e8 17 a0 cc ff 48 8b f0 48 85 c0 74 2d
0x000007feb6f8e681:   44 38 25 f9 91 6f 00 b9 18 00 00 00 4d 8b c6 48
0x000007feb6f8e691:   8b d0 49 0f 45 cf 48 03 cd 48 85 ed 49 0f 44 cc
0x000007feb6f8e6a1:   e8 4a e0 c2 ff 48 85 ff 74 03 c6 07 01 4c 8b 74
0x000007feb6f8e6b1:   24 58 48 8b bb 00 01 00 00 4c 8b 7c 24 20 4c 8b
0x000007feb6f8e6c1:   64 24 50 48 8b 6c 24 40 48 8b 4f 10 48 83 39 00
0x000007feb6f8e6d1:   74 0c 48 8b cf e8 f5 3c f6 ff 48 8b 4f 10 48 8b
0x000007feb6f8e6e1:   47 08 48 89 48 10 48 8b 4f 08 48 8b 47 18 48 89
0x000007feb6f8e6f1:   41 18 48 8b 4f 08 48 8b 47 20 48 89 41 20 c7 83
0x000007feb6f8e701:   80 03 00 00 07 00 00 00 e8 f2 b4 27 00 48 8b 83
0x000007feb6f8e711:   18 01 00 00 48 8b 7c 24 48 a8 01 74 08 48 8b cb
0x000007feb6f8e721:   e8 5a b5 2e 00 48 8b c6 c7 83 80 03 00 00 04 00
0x000007feb6f8e731:   00 00 48 83 c4 28 5e 5b c3 cc cc cc cc cc cc 40 


Stack slot to memory mapping:
stack at sp + 0 slots: 0x00000000259ee940 is a thread
stack at sp + 1 slots: {method} {0x0000000023d9de38} 'SYNCCOM_SET_REGISTERS' '(Lsynccom/SYNCCOMRegisters;)V' in 'dll/SYNCCOM_Loader'
stack at sp + 2 slots: 0x00000000259ee940 is a thread
stack at sp + 3 slots: 0x00000000258f4f08 points into unknown readable memory: 0x000000074afec1b0 | b0 c1 fe 4a 07 00 00 00
stack at sp + 4 slots: 0x00000000259ee940 is a thread
stack at sp + 5 slots: 0x0000000000000006 is an unknown value
stack at sp + 6 slots: {method} {0x0000000023d9de38} 'SYNCCOM_SET_REGISTERS' '(Lsynccom/SYNCCOMRegisters;)V' in 'dll/SYNCCOM_Loader'
stack at sp + 7 slots: 0x000000006bac5c73 fastcomdll.dll


---------------  P R O C E S S  ---------------

Threads class SMR info:
_java_thread_list=0x00000000234770d0, length=21, elements={
0x0000000000176730, 0x0000000022eb8080, 0x0000000022eb8b90, 0x0000000022ecb0f0,
0x0000000022ecba00, 0x0000000022ecc310, 0x0000000022ecf3e0, 0x00000000233b0410,
0x00000000233b0d60, 0x00000000233c7a80, 0x0000000022e9b1c0, 0x000000002547c690,
0x00000000259ac790, 0x00000000259e8f10, 0x00000000259ee940, 0x0000000025a927f0,
0x0000000025a94910, 0x00000000260373f0, 0x0000000026037940, 0x0000000026037e90,
0x0000000026039920
}

Java Threads: ( => current thread )
  0x0000000000176730 JavaThread "main" [_thread_blocked, id=12528, stack(0x0000000002270000,0x0000000002370000)]
  0x0000000022eb8080 JavaThread "Reference Handler" daemon [_thread_blocked, id=308, stack(0x0000000023690000,0x0000000023790000)]
  0x0000000022eb8b90 JavaThread "Finalizer" daemon [_thread_blocked, id=11656, stack(0x0000000024120000,0x0000000024220000)]
  0x0000000022ecb0f0 JavaThread "Signal Dispatcher" daemon [_thread_blocked, id=8484, stack(0x0000000024370000,0x0000000024470000)]
  0x0000000022ecba00 JavaThread "Attach Listener" daemon [_thread_blocked, id=12452, stack(0x0000000024580000,0x0000000024680000)]
  0x0000000022ecc310 JavaThread "Service Thread" daemon [_thread_blocked, id=7636, stack(0x00000000246f0000,0x00000000247f0000)]
  0x0000000022ecf3e0 JavaThread "Monitor Deflation Thread" daemon [_thread_blocked, id=10968, stack(0x0000000024920000,0x0000000024a20000)]
  0x00000000233b0410 JavaThread "C2 CompilerThread0" daemon [_thread_blocked, id=8120, stack(0x0000000024b20000,0x0000000024c20000)]
  0x00000000233b0d60 JavaThread "C1 CompilerThread0" daemon [_thread_blocked, id=11348, stack(0x0000000024cd0000,0x0000000024dd0000)]
  0x00000000233c7a80 JavaThread "Sweeper thread" daemon [_thread_blocked, id=9536, stack(0x0000000024ec0000,0x0000000024fc0000)]
  0x0000000022e9b1c0 JavaThread "Common-Cleaner" daemon [_thread_blocked, id=6336, stack(0x0000000024250000,0x0000000024350000)]
  0x000000002547c690 JavaThread "Notification Thread" daemon [_thread_blocked, id=11864, stack(0x00000000257b0000,0x00000000258b0000)]
  0x00000000259ac790 JavaThread "QuantumRenderer-0" daemon [_thread_blocked, id=320, stack(0x0000000026580000,0x0000000026680000)]
  0x00000000259e8f10 JavaThread "InvokeLaterDispatcher" daemon [_thread_blocked, id=8904, stack(0x00000000266f0000,0x00000000267f0000)]
=>0x00000000259ee940 JavaThread "JavaFX Application Thread" [_thread_in_vm, id=11748, stack(0x00000000262d0000,0x00000000263d0000)]
  0x0000000025a927f0 JavaThread "Thread-1" daemon [_thread_in_native, id=11952, stack(0x00000000280a0000,0x00000000281a0000)]
  0x0000000025a94910 JavaThread "JavaFX-Launcher" [_thread_blocked, id=8552, stack(0x0000000027f80000,0x0000000028080000)]
  0x00000000260373f0 JavaThread "Prism Font Disposer" daemon [_thread_blocked, id=8672, stack(0x0000000029cd0000,0x0000000029dd0000)]
  0x0000000026037940 JavaThread "util.EventQueue" daemon [_thread_blocked, id=13240, stack(0x0000000029e20000,0x0000000029f20000)]
  0x0000000026037e90 JavaThread "Timer-0" [_thread_in_native, id=10128, stack(0x000000002ca80000,0x000000002cb80000)]
  0x0000000026039920 JavaThread "Cleaner-0" daemon [_thread_blocked, id=12808, stack(0x000000002cbc0000,0x000000002ccc0000)]

Other Threads:
  0x0000000022eb5ea0 VMThread "VM Thread" [stack: 0x0000000023050000,0x0000000023150000] [id=9136]
  0x0000000000178400 WatcherThread [stack: 0x0000000024000000,0x0000000024100000] [id=12072]
  0x00000000001bc680 GCTaskThread "GC Thread#0" [stack: 0x0000000020670000,0x0000000020770000] [id=9656]
  0x000000002598b430 GCTaskThread "GC Thread#1" [stack: 0x0000000025060000,0x0000000025160000] [id=12524]
  0x000000002552c520 GCTaskThread "GC Thread#2" [stack: 0x0000000026180000,0x0000000026280000] [id=9292]
  0x000000002552c830 GCTaskThread "GC Thread#3" [stack: 0x00000000263f0000,0x00000000264f0000] [id=11680]
  0x00000000001c9fd0 ConcurrentGCThread "G1 Main Marker" [stack: 0x0000000020800000,0x0000000020900000] [id=11744]
  0x00000000001cc870 ConcurrentGCThread "G1 Conc#0" [stack: 0x00000000209a0000,0x0000000020aa0000] [id=13280]
  0x0000000022e44590 ConcurrentGCThread "G1 Refine#0" [stack: 0x0000000022ee0000,0x0000000022fe0000] [id=12724]
  0x0000000022e471c0 ConcurrentGCThread "G1 Service" [stack: 0x00000000231d0000,0x00000000232d0000] [id=12856]

Threads with active compile tasks:

VM state: not at safepoint (normal execution)

VM Mutex/Monitor currently owned by a thread: None

Heap address: 0x0000000741600000, size: 3050 MB, Compressed Oops mode: Zero based, Oop shift amount: 3

CDS archive(s) mapped at: [0x0000000800000000-0x0000000800bb0000-0x0000000800bb0000), size 12255232, SharedBaseAddress: 0x0000000800000000, ArchiveRelocationMode: 0.
Compressed class space mapped at: 0x0000000800c00000-0x0000000840c00000, reserved size: 1073741824
Narrow klass base: 0x0000000800000000, Narrow klass shift: 3, Narrow klass range: 0x100000000

GC Precious Log:
 CPUs: 4 total, 4 available
 Memory: 12196M
 Large Page Support: Disabled
 NUMA Support: Disabled
 Compressed Oops: Enabled (Zero based)
 Heap Region Size: 2M
 Heap Min Capacity: 8M
 Heap Initial Capacity: 192M
 Heap Max Capacity: 3050M
 Pre-touch: Disabled
 Parallel Workers: 4
 Concurrent Workers: 1
 Concurrent Refinement Workers: 4
 Periodic GC: Disabled

Heap:
 garbage-first heap   total 196608K, used 43234K [0x0000000741600000, 0x0000000800000000)
  region size 2048K, 21 young (43008K), 2 survivors (4096K)
 Metaspace       used 16446K, committed 16704K, reserved 1064960K
  class space    used 2437K, committed 2560K, reserved 1048576K

Heap Regions: E=young(eden), S=young(survivor), O=old, HS=humongous(starts), HC=humongous(continues), CS=collection set, F=free, OA=open archive, CA=closed archive, TAMS=top-at-mark-start (previous, next)
|   0|0x0000000741600000, 0x0000000741638a00, 0x0000000741800000| 11%| O|  |TAMS 0x0000000741600000, 0x0000000741600000| Untracked 
|   1|0x0000000741800000, 0x0000000741a00000, 0x0000000741a00000|100%|HS|  |TAMS 0x0000000741800000, 0x0000000741800000| Complete 
|   2|0x0000000741a00000, 0x0000000741a00000, 0x0000000741c00000|  0%| F|  |TAMS 0x0000000741a00000, 0x0000000741a00000| Untracked 
|   3|0x0000000741c00000, 0x0000000741c00000, 0x0000000741e00000|  0%| F|  |TAMS 0x0000000741c00000, 0x0000000741c00000| Untracked 
|   4|0x0000000741e00000, 0x0000000741e00000, 0x0000000742000000|  0%| F|  |TAMS 0x0000000741e00000, 0x0000000741e00000| Untracked 
|   5|0x0000000742000000, 0x0000000742000000, 0x0000000742200000|  0%| F|  |TAMS 0x0000000742000000, 0x0000000742000000| Untracked 
|   6|0x0000000742200000, 0x0000000742200000, 0x0000000742400000|  0%| F|  |TAMS 0x0000000742200000, 0x0000000742200000| Untracked 
|   7|0x0000000742400000, 0x0000000742400000, 0x0000000742600000|  0%| F|  |TAMS 0x0000000742400000, 0x0000000742400000| Untracked 
|   8|0x0000000742600000, 0x0000000742600000, 0x0000000742800000|  0%| F|  |TAMS 0x0000000742600000, 0x0000000742600000| Untracked 
|   9|0x0000000742800000, 0x0000000742800000, 0x0000000742a00000|  0%| F|  |TAMS 0x0000000742800000, 0x0000000742800000| Untracked 
|  10|0x0000000742a00000, 0x0000000742a00000, 0x0000000742c00000|  0%| F|  |TAMS 0x0000000742a00000, 0x0000000742a00000| Untracked 
|  11|0x0000000742c00000, 0x0000000742c00000, 0x0000000742e00000|  0%| F|  |TAMS 0x0000000742c00000, 0x0000000742c00000| Untracked 
|  12|0x0000000742e00000, 0x0000000742e00000, 0x0000000743000000|  0%| F|  |TAMS 0x0000000742e00000, 0x0000000742e00000| Untracked 
|  13|0x0000000743000000, 0x0000000743000000, 0x0000000743200000|  0%| F|  |TAMS 0x0000000743000000, 0x0000000743000000| Untracked 
|  14|0x0000000743200000, 0x0000000743200000, 0x0000000743400000|  0%| F|  |TAMS 0x0000000743200000, 0x0000000743200000| Untracked 
|  15|0x0000000743400000, 0x0000000743400000, 0x0000000743600000|  0%| F|  |TAMS 0x0000000743400000, 0x0000000743400000| Untracked 
|  16|0x0000000743600000, 0x0000000743600000, 0x0000000743800000|  0%| F|  |TAMS 0x0000000743600000, 0x0000000743600000| Untracked 
|  17|0x0000000743800000, 0x0000000743800000, 0x0000000743a00000|  0%| F|  |TAMS 0x0000000743800000, 0x0000000743800000| Untracked 
|  18|0x0000000743a00000, 0x0000000743a00000, 0x0000000743c00000|  0%| F|  |TAMS 0x0000000743a00000, 0x0000000743a00000| Untracked 
|  19|0x0000000743c00000, 0x0000000743c00000, 0x0000000743e00000|  0%| F|  |TAMS 0x0000000743c00000, 0x0000000743c00000| Untracked 
|  20|0x0000000743e00000, 0x0000000743e00000, 0x0000000744000000|  0%| F|  |TAMS 0x0000000743e00000, 0x0000000743e00000| Untracked 
|  21|0x0000000744000000, 0x0000000744000000, 0x0000000744200000|  0%| F|  |TAMS 0x0000000744000000, 0x0000000744000000| Untracked 
|  22|0x0000000744200000, 0x0000000744200000, 0x0000000744400000|  0%| F|  |TAMS 0x0000000744200000, 0x0000000744200000| Untracked 
|  23|0x0000000744400000, 0x0000000744400000, 0x0000000744600000|  0%| F|  |TAMS 0x0000000744400000, 0x0000000744400000| Untracked 
|  24|0x0000000744600000, 0x0000000744600000, 0x0000000744800000|  0%| F|  |TAMS 0x0000000744600000, 0x0000000744600000| Untracked 
|  25|0x0000000744800000, 0x0000000744800000, 0x0000000744a00000|  0%| F|  |TAMS 0x0000000744800000, 0x0000000744800000| Untracked 
|  26|0x0000000744a00000, 0x0000000744a00000, 0x0000000744c00000|  0%| F|  |TAMS 0x0000000744a00000, 0x0000000744a00000| Untracked 
|  27|0x0000000744c00000, 0x0000000744c00000, 0x0000000744e00000|  0%| F|  |TAMS 0x0000000744c00000, 0x0000000744c00000| Untracked 
|  28|0x0000000744e00000, 0x0000000744e00000, 0x0000000745000000|  0%| F|  |TAMS 0x0000000744e00000, 0x0000000744e00000| Untracked 
|  29|0x0000000745000000, 0x0000000745000000, 0x0000000745200000|  0%| F|  |TAMS 0x0000000745000000, 0x0000000745000000| Untracked 
|  30|0x0000000745200000, 0x0000000745200000, 0x0000000745400000|  0%| F|  |TAMS 0x0000000745200000, 0x0000000745200000| Untracked 
|  31|0x0000000745400000, 0x0000000745400000, 0x0000000745600000|  0%| F|  |TAMS 0x0000000745400000, 0x0000000745400000| Untracked 
|  32|0x0000000745600000, 0x0000000745600000, 0x0000000745800000|  0%| F|  |TAMS 0x0000000745600000, 0x0000000745600000| Untracked 
|  33|0x0000000745800000, 0x0000000745800000, 0x0000000745a00000|  0%| F|  |TAMS 0x0000000745800000, 0x0000000745800000| Untracked 
|  34|0x0000000745a00000, 0x0000000745a00000, 0x0000000745c00000|  0%| F|  |TAMS 0x0000000745a00000, 0x0000000745a00000| Untracked 
|  35|0x0000000745c00000, 0x0000000745c00000, 0x0000000745e00000|  0%| F|  |TAMS 0x0000000745c00000, 0x0000000745c00000| Untracked 
|  36|0x0000000745e00000, 0x0000000745e00000, 0x0000000746000000|  0%| F|  |TAMS 0x0000000745e00000, 0x0000000745e00000| Untracked 
|  37|0x0000000746000000, 0x0000000746000000, 0x0000000746200000|  0%| F|  |TAMS 0x0000000746000000, 0x0000000746000000| Untracked 
|  38|0x0000000746200000, 0x0000000746200000, 0x0000000746400000|  0%| F|  |TAMS 0x0000000746200000, 0x0000000746200000| Untracked 
|  39|0x0000000746400000, 0x0000000746400000, 0x0000000746600000|  0%| F|  |TAMS 0x0000000746400000, 0x0000000746400000| Untracked 
|  40|0x0000000746600000, 0x0000000746600000, 0x0000000746800000|  0%| F|  |TAMS 0x0000000746600000, 0x0000000746600000| Untracked 
|  41|0x0000000746800000, 0x0000000746800000, 0x0000000746a00000|  0%| F|  |TAMS 0x0000000746800000, 0x0000000746800000| Untracked 
|  42|0x0000000746a00000, 0x0000000746a00000, 0x0000000746c00000|  0%| F|  |TAMS 0x0000000746a00000, 0x0000000746a00000| Untracked 
|  43|0x0000000746c00000, 0x0000000746c00000, 0x0000000746e00000|  0%| F|  |TAMS 0x0000000746c00000, 0x0000000746c00000| Untracked 
|  44|0x0000000746e00000, 0x0000000746e00000, 0x0000000747000000|  0%| F|  |TAMS 0x0000000746e00000, 0x0000000746e00000| Untracked 
|  45|0x0000000747000000, 0x0000000747000000, 0x0000000747200000|  0%| F|  |TAMS 0x0000000747000000, 0x0000000747000000| Untracked 
|  46|0x0000000747200000, 0x0000000747200000, 0x0000000747400000|  0%| F|  |TAMS 0x0000000747200000, 0x0000000747200000| Untracked 
|  47|0x0000000747400000, 0x0000000747400000, 0x0000000747600000|  0%| F|  |TAMS 0x0000000747400000, 0x0000000747400000| Untracked 
|  48|0x0000000747600000, 0x0000000747600000, 0x0000000747800000|  0%| F|  |TAMS 0x0000000747600000, 0x0000000747600000| Untracked 
|  49|0x0000000747800000, 0x0000000747800000, 0x0000000747a00000|  0%| F|  |TAMS 0x0000000747800000, 0x0000000747800000| Untracked 
|  50|0x0000000747a00000, 0x0000000747a00000, 0x0000000747c00000|  0%| F|  |TAMS 0x0000000747a00000, 0x0000000747a00000| Untracked 
|  51|0x0000000747c00000, 0x0000000747c00000, 0x0000000747e00000|  0%| F|  |TAMS 0x0000000747c00000, 0x0000000747c00000| Untracked 
|  52|0x0000000747e00000, 0x0000000747e00000, 0x0000000748000000|  0%| F|  |TAMS 0x0000000747e00000, 0x0000000747e00000| Untracked 
|  53|0x0000000748000000, 0x0000000748000000, 0x0000000748200000|  0%| F|  |TAMS 0x0000000748000000, 0x0000000748000000| Untracked 
|  54|0x0000000748200000, 0x0000000748200000, 0x0000000748400000|  0%| F|  |TAMS 0x0000000748200000, 0x0000000748200000| Untracked 
|  55|0x0000000748400000, 0x0000000748400000, 0x0000000748600000|  0%| F|  |TAMS 0x0000000748400000, 0x0000000748400000| Untracked 
|  56|0x0000000748600000, 0x0000000748600000, 0x0000000748800000|  0%| F|  |TAMS 0x0000000748600000, 0x0000000748600000| Untracked 
|  57|0x0000000748800000, 0x0000000748800000, 0x0000000748a00000|  0%| F|  |TAMS 0x0000000748800000, 0x0000000748800000| Untracked 
|  58|0x0000000748a00000, 0x0000000748a00000, 0x0000000748c00000|  0%| F|  |TAMS 0x0000000748a00000, 0x0000000748a00000| Untracked 
|  59|0x0000000748c00000, 0x0000000748c00000, 0x0000000748e00000|  0%| F|  |TAMS 0x0000000748c00000, 0x0000000748c00000| Untracked 
|  60|0x0000000748e00000, 0x0000000748e00000, 0x0000000749000000|  0%| F|  |TAMS 0x0000000748e00000, 0x0000000748e00000| Untracked 
|  61|0x0000000749000000, 0x0000000749000000, 0x0000000749200000|  0%| F|  |TAMS 0x0000000749000000, 0x0000000749000000| Untracked 
|  62|0x0000000749200000, 0x0000000749200000, 0x0000000749400000|  0%| F|  |TAMS 0x0000000749200000, 0x0000000749200000| Untracked 
|  63|0x0000000749400000, 0x0000000749400000, 0x0000000749600000|  0%| F|  |TAMS 0x0000000749400000, 0x0000000749400000| Untracked 
|  64|0x0000000749600000, 0x0000000749600000, 0x0000000749800000|  0%| F|  |TAMS 0x0000000749600000, 0x0000000749600000| Untracked 
|  65|0x0000000749800000, 0x0000000749800000, 0x0000000749a00000|  0%| F|  |TAMS 0x0000000749800000, 0x0000000749800000| Untracked 
|  66|0x0000000749a00000, 0x0000000749a00000, 0x0000000749c00000|  0%| F|  |TAMS 0x0000000749a00000, 0x0000000749a00000| Untracked 
|  67|0x0000000749c00000, 0x0000000749c00000, 0x0000000749e00000|  0%| F|  |TAMS 0x0000000749c00000, 0x0000000749c00000| Untracked 
|  68|0x0000000749e00000, 0x0000000749e00000, 0x000000074a000000|  0%| F|  |TAMS 0x0000000749e00000, 0x0000000749e00000| Untracked 
|  69|0x000000074a000000, 0x000000074a000000, 0x000000074a200000|  0%| F|  |TAMS 0x000000074a000000, 0x000000074a000000| Untracked 
|  70|0x000000074a200000, 0x000000074a200000, 0x000000074a400000|  0%| F|  |TAMS 0x000000074a200000, 0x000000074a200000| Untracked 
|  71|0x000000074a400000, 0x000000074a400000, 0x000000074a600000|  0%| F|  |TAMS 0x000000074a400000, 0x000000074a400000| Untracked 
|  72|0x000000074a600000, 0x000000074a600000, 0x000000074a800000|  0%| F|  |TAMS 0x000000074a600000, 0x000000074a600000| Untracked 
|  73|0x000000074a800000, 0x000000074a800000, 0x000000074aa00000|  0%| F|  |TAMS 0x000000074a800000, 0x000000074a800000| Untracked 
|  74|0x000000074aa00000, 0x000000074aa00000, 0x000000074ac00000|  0%| F|  |TAMS 0x000000074aa00000, 0x000000074aa00000| Untracked 
|  75|0x000000074ac00000, 0x000000074ac00800, 0x000000074ae00000|  0%| E|  |TAMS 0x000000074ac00000, 0x000000074ac00000| Complete 
|  76|0x000000074ae00000, 0x000000074b000000, 0x000000074b000000|100%| E|CS|TAMS 0x000000074ae00000, 0x000000074ae00000| Complete 
|  77|0x000000074b000000, 0x000000074b200000, 0x000000074b200000|100%| E|CS|TAMS 0x000000074b000000, 0x000000074b000000| Complete 
|  78|0x000000074b200000, 0x000000074b400000, 0x000000074b400000|100%| E|CS|TAMS 0x000000074b200000, 0x000000074b200000| Complete 
|  79|0x000000074b400000, 0x000000074b600000, 0x000000074b600000|100%| E|CS|TAMS 0x000000074b400000, 0x000000074b400000| Complete 
|  80|0x000000074b600000, 0x000000074b800000, 0x000000074b800000|100%| E|CS|TAMS 0x000000074b600000, 0x000000074b600000| Complete 
|  81|0x000000074b800000, 0x000000074ba00000, 0x000000074ba00000|100%| E|CS|TAMS 0x000000074b800000, 0x000000074b800000| Complete 
|  82|0x000000074ba00000, 0x000000074bc00000, 0x000000074bc00000|100%| E|CS|TAMS 0x000000074ba00000, 0x000000074ba00000| Complete 
|  83|0x000000074bc00000, 0x000000074be00000, 0x000000074be00000|100%| E|CS|TAMS 0x000000074bc00000, 0x000000074bc00000| Complete 
|  84|0x000000074be00000, 0x000000074c000000, 0x000000074c000000|100%| S|CS|TAMS 0x000000074be00000, 0x000000074be00000| Complete 
|  85|0x000000074c000000, 0x000000074c200000, 0x000000074c200000|100%| S|CS|TAMS 0x000000074c000000, 0x000000074c000000| Complete 
|  86|0x000000074c200000, 0x000000074c400000, 0x000000074c400000|100%| E|CS|TAMS 0x000000074c200000, 0x000000074c200000| Complete 
|  87|0x000000074c400000, 0x000000074c600000, 0x000000074c600000|100%| E|CS|TAMS 0x000000074c400000, 0x000000074c400000| Complete 
|  88|0x000000074c600000, 0x000000074c800000, 0x000000074c800000|100%| E|CS|TAMS 0x000000074c600000, 0x000000074c600000| Complete 
|  89|0x000000074c800000, 0x000000074ca00000, 0x000000074ca00000|100%| E|CS|TAMS 0x000000074c800000, 0x000000074c800000| Complete 
|  90|0x000000074ca00000, 0x000000074cc00000, 0x000000074cc00000|100%| E|CS|TAMS 0x000000074ca00000, 0x000000074ca00000| Complete 
|  91|0x000000074cc00000, 0x000000074ce00000, 0x000000074ce00000|100%| E|CS|TAMS 0x000000074cc00000, 0x000000074cc00000| Complete 
|  92|0x000000074ce00000, 0x000000074d000000, 0x000000074d000000|100%| E|CS|TAMS 0x000000074ce00000, 0x000000074ce00000| Complete 
|  93|0x000000074d000000, 0x000000074d200000, 0x000000074d200000|100%| E|CS|TAMS 0x000000074d000000, 0x000000074d000000| Complete 
|  94|0x000000074d200000, 0x000000074d400000, 0x000000074d400000|100%| E|CS|TAMS 0x000000074d200000, 0x000000074d200000| Complete 
|  95|0x000000074d400000, 0x000000074d600000, 0x000000074d600000|100%| E|CS|TAMS 0x000000074d400000, 0x000000074d400000| Complete 

Card table byte_map: [0x0000000019960000,0x0000000019f60000] _byte_map_base: 0x0000000015f55000

Marking Bits (Prev, Next): (CMBitMap*) 0x00000000001bcb20, (CMBitMap*) 0x00000000001bcb60
 Prev Bits: [0x000000001a560000, 0x000000001d508000)
 Next Bits: [0x000000001d510000, 0x00000000204b8000)

Polling page: 0x0000000000320000

Metaspace:

Usage:
  Non-class:     13.68 MB used.
      Class:      2.38 MB used.
       Both:     16.06 MB used.

Virtual space:
  Non-class space:       16.00 MB reserved,      13.81 MB ( 86%) committed,  2 nodes.
      Class space:        1.00 GB reserved,       2.50 MB ( <1%) committed,  1 nodes.
              Both:        1.02 GB reserved,      16.31 MB (  2%) committed. 

Chunk freelists:
   Non-Class:  2.14 MB
       Class:  1.42 MB
        Both:  3.56 MB

MaxMetaspaceSize: 17179869184.00 GB
CompressedClassSpaceSize: 1.00 GB
 - commit_granule_bytes: 65536.
 - commit_granule_words: 8192.
 - virtual_space_node_default_size: 1048576.
 - enlarge_chunks_in_place: 1.
 - new_chunks_are_fully_committed: 0.
 - uncommit_free_chunks: 1.
 - use_allocation_guard: 0.
 - handle_deallocations: 1.


Internal statistics:

num_allocs_failed_limit: 0.
num_arena_births: 218.
num_arena_deaths: 0.
num_vsnodes_births: 3.
num_vsnodes_deaths: 0.
num_space_committed: 261.
num_space_uncommitted: 0.
num_chunks_returned_to_freelist: 0.
num_chunks_taken_from_freelist: 758.
num_chunk_merges: 0.
num_chunk_splits: 535.
num_chunks_enlarged: 414.
num_purges: 0.

CodeHeap 'non-profiled nmethods': size=120000Kb used=1004Kb max_used=1004Kb free=118995Kb
 bounds [0x00000000119f0000, 0x0000000011c60000, 0x0000000018f20000]
CodeHeap 'profiled nmethods': size=120000Kb used=4773Kb max_used=4773Kb free=115227Kb
 bounds [0x000000000a4c0000, 0x000000000a970000, 0x00000000119f0000]
CodeHeap 'non-nmethods': size=5760Kb used=1442Kb max_used=1496Kb free=4317Kb
 bounds [0x0000000009f20000, 0x000000000a190000, 0x000000000a4c0000]
 total_blobs=3418 nmethods=2621 adapters=709
 compilation: enabled
              stopped_count=0, restarted_count=0
 full_count=0

Compilation events (20 events):
Event: 2.476 Thread 0x00000000233b0d60 nmethod 2609 0x000000000a966d90 code [0x000000000a966f40, 0x000000000a9670f8]
Event: 2.476 Thread 0x00000000233b0d60 2613       1       com.sun.javafx.text.TextRun::getLocation (5 bytes)
Event: 2.476 Thread 0x00000000233b0d60 nmethod 2613 0x0000000011ae9610 code [0x0000000011ae97a0, 0x0000000011ae9878]
Event: 2.478 Thread 0x00000000233b0410 nmethod 2601 0x0000000011ae9910 code [0x0000000011ae9b20, 0x0000000011aea1a0]
Event: 2.478 Thread 0x00000000233b0410 2600       4       com.sun.javafx.css.PseudoClassState::size (5 bytes)
Event: 2.479 Thread 0x00000000233b0410 nmethod 2600 0x0000000011aea810 code [0x0000000011aea9a0, 0x0000000011aeaab8]
Event: 2.479 Thread 0x00000000233b0410 2614       4       java.nio.DirectFloatBufferU::ix (10 bytes)
Event: 2.480 Thread 0x00000000233b0410 nmethod 2614 0x0000000011aeab90 code [0x0000000011aead00, 0x0000000011aead78]
Event: 2.532 Thread 0x00000000233b0d60 2616       3       java.util.concurrent.locks.AbstractQueuedSynchronizer$ConditionNode::isReleasable (23 bytes)
Event: 2.532 Thread 0x00000000233b0d60 nmethod 2616 0x000000000a967190 code [0x000000000a967340, 0x000000000a9675b8]
Event: 2.549 Thread 0x00000000233b0d60 2617       3       jdk.internal.loader.NativeLibraries::find (72 bytes)
Event: 2.550 Thread 0x00000000233b0d60 nmethod 2617 0x000000000a967690 code [0x000000000a9678c0, 0x000000000a968158]
Event: 2.550 Thread 0x00000000233b0d60 2618       3       jdk.internal.loader.ClassLoaders$BootClassLoader::loadClassOrNull (11 bytes)
Event: 2.550 Thread 0x00000000233b0d60 nmethod 2618 0x000000000a968390 code [0x000000000a968560, 0x000000000a968898]
Event: 2.550 Thread 0x00000000233b0d60 2619       3       java.lang.System$2::findBootstrapClassOrNull (6 bytes)
Event: 2.550 Thread 0x00000000233b0d60 nmethod 2619 0x000000000a968a10 code [0x000000000a968be0, 0x000000000a968e98]
Event: 2.550 Thread 0x00000000233b0d60 2620       3       java.lang.ClassLoader::findBootstrapClassOrNull (16 bytes)
Event: 2.550 Thread 0x00000000233b0d60 nmethod 2620 0x000000000a968f90 code [0x000000000a969160, 0x000000000a969358]
Event: 2.550 Thread 0x00000000233b0d60 2621       1       java.nio.Buffer::capacity (5 bytes)
Event: 2.550 Thread 0x00000000233b0d60 nmethod 2621 0x0000000011aeae90 code [0x0000000011aeb020, 0x0000000011aeb0f8]

GC Heap History (4 events):
Event: 0.245 GC heap before
{Heap before GC invocations=0 (full 0):
 garbage-first heap   total 196608K, used 10240K [0x0000000741600000, 0x0000000800000000)
  region size 2048K, 6 young (12288K), 0 survivors (0K)
 Metaspace       used 2185K, committed 2304K, reserved 1056768K
  class space    used 227K, committed 256K, reserved 1048576K
}
Event: 0.247 GC heap after
{Heap after GC invocations=1 (full 0):
 garbage-first heap   total 196608K, used 1613K [0x0000000741600000, 0x0000000800000000)
  region size 2048K, 1 young (2048K), 1 survivors (2048K)
 Metaspace       used 2185K, committed 2304K, reserved 1056768K
  class space    used 227K, committed 256K, reserved 1048576K
}
Event: 0.493 GC heap before
{Heap before GC invocations=1 (full 0):
 garbage-first heap   total 196608K, used 17997K [0x0000000741600000, 0x0000000800000000)
  region size 2048K, 10 young (20480K), 1 survivors (2048K)
 Metaspace       used 7896K, committed 8128K, reserved 1064960K
  class space    used 968K, committed 1088K, reserved 1048576K
}
Event: 0.497 GC heap after
{Heap after GC invocations=2 (full 0):
 garbage-first heap   total 196608K, used 4322K [0x0000000741600000, 0x0000000800000000)
  region size 2048K, 2 young (4096K), 2 survivors (4096K)
 Metaspace       used 7896K, committed 8128K, reserved 1064960K
  class space    used 968K, committed 1088K, reserved 1048576K
}

Deoptimization events (20 events):
Event: 0.870 Thread 0x00000000259ee940 Uncommon trap: trap_request=0xffffffde fr.pc=0x0000000011a7b8b0 relative=0x0000000000000110
Event: 0.870 Thread 0x00000000259ee940 Uncommon trap: reason=class_check action=maybe_recompile pc=0x0000000011a7b8b0 method=jdk.internal.misc.Unsafe.allocateUninitializedArray(Ljava/lang/Class;I)Ljava/lang/Object; @ 51 c2
Event: 0.870 Thread 0x00000000259ee940 DEOPT PACKING pc=0x0000000011a7b8b0 sp=0x00000000263ccbf0
Event: 0.870 Thread 0x00000000259ee940 DEOPT UNPACKING pc=0x0000000009f6d72e sp=0x00000000263ccb78 mode 2
Event: 1.058 Thread 0x00000000259ee940 Uncommon trap: trap_request=0xffffff45 fr.pc=0x0000000011a44650 relative=0x00000000000001b0
Event: 1.058 Thread 0x00000000259ee940 Uncommon trap: reason=unstable_if action=reinterpret pc=0x0000000011a44650 method=java.io.ByteArrayInputStream.read()I @ 8 c2
Event: 1.058 Thread 0x00000000259ee940 DEOPT PACKING pc=0x0000000011a44650 sp=0x00000000263cb9a0
Event: 1.058 Thread 0x00000000259ee940 DEOPT UNPACKING pc=0x0000000009f6d72e sp=0x00000000263cb958 mode 2
Event: 1.193 Thread 0x00000000259ac790 Uncommon trap: trap_request=0xffffff45 fr.pc=0x0000000011aafc7c relative=0x000000000000479c
Event: 1.193 Thread 0x00000000259ac790 Uncommon trap: reason=unstable_if action=reinterpret pc=0x0000000011aafc7c method=java.lang.invoke.MethodType.checkPtypes([Ljava/lang/Class;)I @ 32 c2
Event: 1.193 Thread 0x00000000259ac790 DEOPT PACKING pc=0x0000000011aafc7c sp=0x000000002667c780
Event: 1.193 Thread 0x00000000259ac790 DEOPT UNPACKING pc=0x0000000009f6d72e sp=0x000000002667c718 mode 2
Event: 1.803 Thread 0x00000000259ee940 Uncommon trap: trap_request=0xffffff45 fr.pc=0x0000000011a57528 relative=0x0000000000000f08
Event: 1.803 Thread 0x00000000259ee940 Uncommon trap: reason=unstable_if action=reinterpret pc=0x0000000011a57528 method=java.util.concurrent.ConcurrentHashMap.putVal(Ljava/lang/Object;Ljava/lang/Object;Z)Ljava/lang/Object; @ 148 c2
Event: 1.803 Thread 0x00000000259ee940 DEOPT PACKING pc=0x0000000011a57528 sp=0x00000000263cbfb0
Event: 1.803 Thread 0x00000000259ee940 DEOPT UNPACKING pc=0x0000000009f6d72e sp=0x00000000263cbf30 mode 2
Event: 2.468 Thread 0x00000000259ee940 Uncommon trap: trap_request=0xffffff5c fr.pc=0x0000000011ae3f50 relative=0x0000000000000590
Event: 2.468 Thread 0x00000000259ee940 Uncommon trap: reason=speculate_null_check action=make_not_entrant pc=0x0000000011ae3f50 method=javafx.scene.CssStyleHelper.getStyleHelper(Ljavafx/scene/Node;)Ljavafx/scene/CssStyleHelper; @ 1 c2
Event: 2.468 Thread 0x00000000259ee940 DEOPT PACKING pc=0x0000000011ae3f50 sp=0x00000000263cd170
Event: 2.468 Thread 0x00000000259ee940 DEOPT UNPACKING pc=0x0000000009f6d72e sp=0x00000000263ccfd8 mode 2

Classes unloaded (0 events):
No events

Classes redefined (0 events):
No events

Internal exceptions (20 events):
Event: 0.425 Thread 0x00000000259ee940 Exception <a 'java/lang/NoSuchMethodError'{0x000000074cbf79e8}: 'void java.lang.invoke.DirectMethodHandle$Holder.invokeSpecial(java.lang.Object, java.lang.Object, java.lang.Object, java.lang.Object, java.lang.Object)'> (0x000000074cbf79e8) 
thrown [t:\workspace\open\src\hotspot\share\interpreter\linkResolver.cpp, line 790]
Event: 0.503 Thread 0x00000000259ee940 Exception <a 'java/lang/NoSuchMethodError'{0x000000074d4b20a0}: 'void java.lang.invoke.DirectMethodHandle$Holder.invokeStaticInit(java.lang.Object, java.lang.Object)'> (0x000000074d4b20a0) 
thrown [t:\workspace\open\src\hotspot\share\interpreter\linkResolver.cpp, line 790]
Event: 0.604 Thread 0x00000000259ee940 Implicit null exception at 0x0000000011a0ca59 to 0x0000000011a0ccd8
Event: 0.616 Thread 0x00000000259ee940 Implicit null exception at 0x0000000011a4662d to 0x0000000011a46c78
Event: 0.634 Thread 0x00000000259ee940 Implicit null exception at 0x0000000011a454ad to 0x0000000011a45ae8
Event: 0.768 Thread 0x00000000259ee940 Exception <a 'java/lang/NoSuchMethodError'{0x000000074c80d720}: 'int java.lang.invoke.DirectMethodHandle$Holder.invokeStaticInit(java.lang.Object, java.lang.Object)'> (0x000000074c80d720) 
thrown [t:\workspace\open\src\hotspot\share\interpreter\linkResolver.cpp, line 790]
Event: 0.800 Thread 0x00000000259ee940 Exception <a 'java/lang/NoSuchMethodError'{0x000000074c687b80}: 'void java.lang.invoke.DirectMethodHandle$Holder.invokeSpecial(java.lang.Object, java.lang.Object, java.lang.Object, java.lang.Object, java.lang.Object, java.lang.Object)'> (0x000000074c687b80) 
thrown [t:\workspace\open\src\hotspot\share\interpreter\linkResolver.cpp, line 790]
Event: 0.814 Thread 0x00000000259ee940 Exception <a 'java/lang/NoSuchMethodError'{0x000000074c707140}: 'java.lang.Object java.lang.invoke.DirectMethodHandle$Holder.invokeInterface(java.lang.Object, java.lang.Object, java.lang.Object)'> (0x000000074c707140) 
thrown [t:\workspace\open\src\hotspot\share\interpreter\linkResolver.cpp, line 790]
Event: 0.814 Thread 0x00000000259ee940 Exception <a 'java/lang/IncompatibleClassChangeError'{0x000000074c70acc0}: Found class java.lang.Object, but interface was expected> (0x000000074c70acc0) 
thrown [t:\workspace\open\src\hotspot\share\interpreter\linkResolver.cpp, line 857]
Event: 0.944 Thread 0x00000000259ee940 Exception <a 'java/lang/ClassNotFoundException'{0x000000074bcf63e0}: com/sun/javafx/scene/control/skin/resources/controls> (0x000000074bcf63e0) 
thrown [t:\workspace\open\src\hotspot\share\prims\jni.cpp, line 600]
Event: 0.945 Thread 0x00000000259ee940 Exception <a 'java/lang/ClassNotFoundException'{0x000000074bd043e8}: com/sun/javafx/scene/control/skin/resources/controls_es> (0x000000074bd043e8) 
thrown [t:\workspace\open\src\hotspot\share\prims\jni.cpp, line 600]
Event: 0.946 Thread 0x00000000259ee940 Exception <a 'java/lang/ClassNotFoundException'{0x000000074bd11e70}: com/sun/javafx/scene/control/skin/resources/controls_es_CO> (0x000000074bd11e70) 
thrown [t:\workspace\open\src\hotspot\share\prims\jni.cpp, line 600]
Event: 1.086 Thread 0x00000000259ee940 Exception <a 'java/lang/NoSuchMethodError'{0x000000074b7d2c88}: 'java.lang.Object java.lang.invoke.DirectMethodHandle$Holder.newInvokeSpecial(java.lang.Object, java.lang.Object, int, int)'> (0x000000074b7d2c88) 
thrown [t:\workspace\open\src\hotspot\share\interpreter\linkResolver.cpp, line 790]
Event: 1.092 Thread 0x00000000259ee940 Exception <a 'java/lang/NoSuchMethodError'{0x000000074b7e6668}: 'java.lang.Object java.lang.invoke.DirectMethodHandle$Holder.newInvokeSpecial(java.lang.Object, java.lang.Object, int)'> (0x000000074b7e6668) 
thrown [t:\workspace\open\src\hotspot\share\interpreter\linkResolver.cpp, line 790]
Event: 1.813 Thread 0x00000000259ee940 Exception <a 'java/lang/NoSuchMethodError'{0x000000074af661d8}: 'long java.lang.invoke.DirectMethodHandle$Holder.invokeStatic(java.lang.Object, java.lang.Object, java.lang.Object)'> (0x000000074af661d8) 
thrown [t:\workspace\open\src\hotspot\share\interpreter\linkResolver.cpp, line 790]
Event: 1.813 Thread 0x00000000259ee940 Exception <a 'java/lang/NoSuchMethodError'{0x000000074af69b88}: 'long java.lang.invoke.DirectMethodHandle$Holder.invokeStaticInit(java.lang.Object, java.lang.Object, java.lang.Object)'> (0x000000074af69b88) 
thrown [t:\workspace\open\src\hotspot\share\interpreter\linkResolver.cpp, line 790]
Event: 1.815 Thread 0x00000000259ee940 Exception <a 'java/lang/NoSuchMethodError'{0x000000074af81aa8}: 'java.lang.Object java.lang.invoke.DirectMethodHandle$Holder.newInvokeSpecial(java.lang.Object, java.lang.Object, long)'> (0x000000074af81aa8) 
thrown [t:\workspace\open\src\hotspot\share\interpreter\linkResolver.cpp, line 790]
Event: 1.815 Thread 0x00000000259ee940 Exception <a 'java/lang/NoSuchMethodError'{0x000000074af85818}: 'java.lang.Object java.lang.invoke.Invokers$Holder.linkToTargetMethod(java.lang.Object, long, java.lang.Object)'> (0x000000074af85818) 
thrown [t:\workspace\open\src\hotspot\share\interpreter\linkResolver.cpp, line 790]
Event: 2.468 Thread 0x00000000259ee940 Implicit null exception at 0x0000000011ae3c95 to 0x0000000011ae3f40
Event: 2.549 Thread 0x00000000259ee940 Exception <a 'java/lang/NoSuchFieldError'{0x000000074afec1b0}: synccom.SYNCCOMRegisters.__reserved1 [I> (0x000000074afec1b0) 
thrown [t:\workspace\open\src\hotspot\share\prims\jni.cpp, line 1897]

Events (20 events):
Event: 1.805 loading class sun/text/resources/BreakIteratorResources
Event: 1.805 loading class sun/util/resources/BreakIteratorResourceBundle
Event: 1.805 loading class sun/util/resources/BreakIteratorResourceBundle done
Event: 1.805 loading class sun/text/resources/BreakIteratorResources done
Event: 1.805 loading class sun/util/resources/Bundles$2
Event: 1.805 loading class sun/util/resources/Bundles$2 done
Event: 1.806 loading class sun/text/RuleBasedBreakIterator
Event: 1.806 loading class sun/text/RuleBasedBreakIterator done
Event: 1.806 loading class sun/text/CompactByteArray
Event: 1.806 loading class sun/text/CompactByteArray done
Event: 1.806 loading class sun/text/SupplementaryCharacterData
Event: 1.807 loading class sun/text/SupplementaryCharacterData done
Event: 1.807 loading class java/text/BreakIterator$BreakIteratorCache
Event: 1.807 loading class java/text/BreakIterator$BreakIteratorCache done
Event: 1.817 Thread 0x0000000028cf7af0 Thread added: 0x0000000028cf7af0
Event: 1.957 Thread 0x0000000028cf7af0 Thread exited: 0x0000000028cf7af0
Event: 2.038 Executing  VM operation: ICBufferFull
Event: 2.038 Executing  VM operation: ICBufferFull done
Event: 2.548 loading class java/lang/StringCoding$StringEncoder
Event: 2.548 loading class java/lang/StringCoding$StringEncoder done


Dynamic libraries:
0x000000013f2e0000 - 0x000000013f2f0000 	C:\Program Files\Java\jdk-16.0.1\bin\javaw.exe
0x0000000077100000 - 0x000000007729f000 	C:\Windows\SYSTEM32\ntdll.dll
0x0000000076ee0000 - 0x0000000076fff000 	C:\Windows\system32\kernel32.dll
0x000007fefced0000 - 0x000007fefcf37000 	C:\Windows\system32\KERNELBASE.dll
0x000007feda910000 - 0x000007feda928000 	C:\Program Files\Java\jdk-16.0.1\bin\jli.dll
0x000007fefd3e0000 - 0x000007fefd4bb000 	C:\Windows\system32\ADVAPI32.dll
0x000007fefd830000 - 0x000007fefd8cf000 	C:\Windows\system32\msvcrt.dll
0x000007fefd770000 - 0x000007fefd78f000 	C:\Windows\SYSTEM32\sechost.dll
0x000007fefd4e0000 - 0x000007fefd60c000 	C:\Windows\system32\RPCRT4.dll
0x000007fefb1d0000 - 0x000007fefb3c5000 	C:\Windows\WinSxS\amd64_microsoft.windows.common-controls_6595b64144ccf1df_6.0.7601.24483_none_e372d88f30fbb845\COMCTL32.dll
0x000007fefedc0000 - 0x000007fefee27000 	C:\Windows\system32\GDI32.dll
0x0000000077000000 - 0x00000000770fa000 	C:\Windows\system32\USER32.dll
0x000007fefda60000 - 0x000007fefda6e000 	C:\Windows\system32\LPK.dll
0x000007fefecf0000 - 0x000007fefedbb000 	C:\Windows\system32\USP10.dll
0x000007fefd610000 - 0x000007fefd681000 	C:\Windows\system32\SHLWAPI.dll
0x000007fefbd20000 - 0x000007fefbd2c000 	C:\Windows\system32\VERSION.dll
0x000007fed3a10000 - 0x000007fed3a29000 	C:\Program Files\Java\jdk-16.0.1\bin\VCRUNTIME140.dll
0x000007fef65e0000 - 0x000007fef65e4000 	C:\Program Files\Java\jdk-16.0.1\bin\api-ms-win-crt-runtime-l1-1-0.dll
0x000007fec89d0000 - 0x000007fec8aca000 	C:\Program Files\Java\jdk-16.0.1\bin\ucrtbase.DLL
0x000007feda900000 - 0x000007feda903000 	C:\Program Files\Java\jdk-16.0.1\bin\api-ms-win-core-localization-l1-2-0.dll
0x000007fed58c0000 - 0x000007fed58c3000 	C:\Program Files\Java\jdk-16.0.1\bin\api-ms-win-core-processthreads-l1-1-1.dll
0x000007fed3450000 - 0x000007fed3453000 	C:\Program Files\Java\jdk-16.0.1\bin\api-ms-win-core-file-l1-2-0.dll
0x000007fed3440000 - 0x000007fed3443000 	C:\Program Files\Java\jdk-16.0.1\bin\api-ms-win-core-timezone-l1-1-0.dll
0x000007fed3430000 - 0x000007fed3433000 	C:\Program Files\Java\jdk-16.0.1\bin\api-ms-win-core-file-l2-1-0.dll
0x000007fed3420000 - 0x000007fed3423000 	C:\Program Files\Java\jdk-16.0.1\bin\api-ms-win-core-synch-l1-2-0.dll
0x000007fed3410000 - 0x000007fed3413000 	C:\Program Files\Java\jdk-16.0.1\bin\api-ms-win-crt-heap-l1-1-0.dll
0x000007fed3400000 - 0x000007fed3404000 	C:\Program Files\Java\jdk-16.0.1\bin\api-ms-win-crt-string-l1-1-0.dll
0x000007fed33f0000 - 0x000007fed33f4000 	C:\Program Files\Java\jdk-16.0.1\bin\api-ms-win-crt-stdio-l1-1-0.dll
0x000007fed33e0000 - 0x000007fed33e4000 	C:\Program Files\Java\jdk-16.0.1\bin\api-ms-win-crt-convert-l1-1-0.dll
0x000007fed32c0000 - 0x000007fed32c3000 	C:\Program Files\Java\jdk-16.0.1\bin\api-ms-win-crt-environment-l1-1-0.dll
0x000007fed32b0000 - 0x000007fed32b3000 	C:\Program Files\Java\jdk-16.0.1\bin\api-ms-win-crt-filesystem-l1-1-0.dll
0x000007fed32a0000 - 0x000007fed32a5000 	C:\Program Files\Java\jdk-16.0.1\bin\api-ms-win-crt-math-l1-1-0.dll
0x000007fed3290000 - 0x000007fed3293000 	C:\Program Files\Java\jdk-16.0.1\bin\api-ms-win-crt-locale-l1-1-0.dll
0x000007fefdf30000 - 0x000007fefdf5e000 	C:\Windows\system32\IMM32.DLL
0x000007fefee30000 - 0x000007fefef3b000 	C:\Windows\system32\MSCTF.dll
0x000007fed2890000 - 0x000007fed289c000 	C:\Program Files\Java\jdk-16.0.1\bin\vcruntime140_1.dll
0x000007fed1f20000 - 0x000007fed1fb1000 	C:\Program Files\Java\jdk-16.0.1\bin\msvcp140.dll
0x000007fed2880000 - 0x000007fed2883000 	C:\Program Files\Java\jdk-16.0.1\bin\api-ms-win-crt-time-l1-1-0.dll
0x000007fed22a0000 - 0x000007fed22a3000 	C:\Program Files\Java\jdk-16.0.1\bin\api-ms-win-crt-utility-l1-1-0.dll
0x000007feb6bb0000 - 0x000007feb775b000 	C:\Program Files\Java\jdk-16.0.1\bin\server\jvm.dll
0x000007fef8210000 - 0x000007fef8219000 	C:\Windows\system32\WSOCK32.dll
0x000007fefd390000 - 0x000007fefd3dd000 	C:\Windows\system32\WS2_32.dll
0x000007fefd010000 - 0x000007fefd018000 	C:\Windows\system32\NSI.dll
0x000007fefb590000 - 0x000007fefb5cb000 	C:\Windows\system32\WINMM.dll
0x00000000772a0000 - 0x00000000772a7000 	C:\Windows\system32\PSAPI.DLL
0x000007fed5490000 - 0x000007fed549a000 	C:\Program Files\Java\jdk-16.0.1\bin\jimage.dll
0x000007fef91c0000 - 0x000007fef92e5000 	C:\Windows\system32\DBGHELP.DLL
0x000007fed3580000 - 0x000007fed35a5000 	C:\Program Files\Java\jdk-16.0.1\bin\java.dll
0x000007fefdf60000 - 0x000007fefeceb000 	C:\Windows\system32\SHELL32.dll
0x000007fefdad0000 - 0x000007fefdccf000 	C:\Windows\system32\ole32.dll
0x000007fefcc50000 - 0x000007fefcc5f000 	C:\Windows\system32\profapi.dll
0x000007fed2b20000 - 0x000007fed2b39000 	C:\Program Files\Java\jdk-16.0.1\bin\net.dll
0x000007fef8d70000 - 0x000007fef8de1000 	C:\Windows\system32\WINHTTP.dll
0x000007fef8d00000 - 0x000007fef8d65000 	C:\Windows\system32\webio.dll
0x000007fefc390000 - 0x000007fefc3e5000 	C:\Windows\system32\mswsock.dll
0x000007fefc380000 - 0x000007fefc387000 	C:\Windows\System32\wship6.dll
0x000007fed3210000 - 0x000007fed3223000 	C:\Program Files\Java\jdk-16.0.1\bin\nio.dll
0x000007fed1ce0000 - 0x000007fed1cf8000 	C:\Program Files\Java\jdk-16.0.1\bin\zip.dll
0x000007fed2160000 - 0x000007fed2163000 	C:\Users\fpinilla\.openjfx\cache\15.0.1\api-ms-win-core-console-l1-1-0.dll
0x000007fed2150000 - 0x000007fed2153000 	C:\Users\fpinilla\.openjfx\cache\15.0.1\api-ms-win-core-console-l1-2-0.dll
0x000007fed2140000 - 0x000007fed2143000 	C:\Users\fpinilla\.openjfx\cache\15.0.1\api-ms-win-core-datetime-l1-1-0.dll
0x000007fed2130000 - 0x000007fed2133000 	C:\Users\fpinilla\.openjfx\cache\15.0.1\api-ms-win-core-debug-l1-1-0.dll
0x000007fed2120000 - 0x000007fed2123000 	C:\Users\fpinilla\.openjfx\cache\15.0.1\api-ms-win-core-errorhandling-l1-1-0.dll
0x000007fed2110000 - 0x000007fed2114000 	C:\Users\fpinilla\.openjfx\cache\15.0.1\api-ms-win-core-file-l1-1-0.dll
0x000007fed2100000 - 0x000007fed2103000 	C:\Users\fpinilla\.openjfx\cache\15.0.1\api-ms-win-core-file-l1-2-0.dll
0x000007fed1f10000 - 0x000007fed1f13000 	C:\Users\fpinilla\.openjfx\cache\15.0.1\api-ms-win-core-file-l2-1-0.dll
0x000007fed1f00000 - 0x000007fed1f03000 	C:\Users\fpinilla\.openjfx\cache\15.0.1\api-ms-win-core-handle-l1-1-0.dll
0x000007fed1ef0000 - 0x000007fed1ef3000 	C:\Users\fpinilla\.openjfx\cache\15.0.1\api-ms-win-core-heap-l1-1-0.dll
0x000007fed1ee0000 - 0x000007fed1ee3000 	C:\Users\fpinilla\.openjfx\cache\15.0.1\api-ms-win-core-interlocked-l1-1-0.dll
0x000007fed1ed0000 - 0x000007fed1ed3000 	C:\Users\fpinilla\.openjfx\cache\15.0.1\api-ms-win-core-libraryloader-l1-1-0.dll
0x000007fed1ec0000 - 0x000007fed1ec3000 	C:\Users\fpinilla\.openjfx\cache\15.0.1\api-ms-win-core-localization-l1-2-0.dll
0x000007fed1eb0000 - 0x000007fed1eb3000 	C:\Users\fpinilla\.openjfx\cache\15.0.1\api-ms-win-core-memory-l1-1-0.dll
0x000007fed1ea0000 - 0x000007fed1ea3000 	C:\Users\fpinilla\.openjfx\cache\15.0.1\api-ms-win-core-namedpipe-l1-1-0.dll
0x000007fed1e90000 - 0x000007fed1e93000 	C:\Users\fpinilla\.openjfx\cache\15.0.1\api-ms-win-core-processenvironment-l1-1-0.dll
0x000007fed1e80000 - 0x000007fed1e83000 	C:\Users\fpinilla\.openjfx\cache\15.0.1\api-ms-win-core-processthreads-l1-1-0.dll
0x000007fed1e70000 - 0x000007fed1e73000 	C:\Users\fpinilla\.openjfx\cache\15.0.1\api-ms-win-core-processthreads-l1-1-1.dll
0x000007fed1e60000 - 0x000007fed1e63000 	C:\Users\fpinilla\.openjfx\cache\15.0.1\api-ms-win-core-profile-l1-1-0.dll
0x000007fed1e50000 - 0x000007fed1e53000 	C:\Users\fpinilla\.openjfx\cache\15.0.1\api-ms-win-core-rtlsupport-l1-1-0.dll
0x000007fed1e40000 - 0x000007fed1e43000 	C:\Users\fpinilla\.openjfx\cache\15.0.1\api-ms-win-core-string-l1-1-0.dll
0x000007fed1e30000 - 0x000007fed1e33000 	C:\Users\fpinilla\.openjfx\cache\15.0.1\api-ms-win-core-synch-l1-1-0.dll
0x000007fed1e20000 - 0x000007fed1e23000 	C:\Users\fpinilla\.openjfx\cache\15.0.1\api-ms-win-core-synch-l1-2-0.dll
0x000007fed1e10000 - 0x000007fed1e13000 	C:\Users\fpinilla\.openjfx\cache\15.0.1\api-ms-win-core-sysinfo-l1-1-0.dll
0x000007fed1db0000 - 0x000007fed1db3000 	C:\Users\fpinilla\.openjfx\cache\15.0.1\api-ms-win-core-timezone-l1-1-0.dll
0x000007fed1d90000 - 0x000007fed1d93000 	C:\Users\fpinilla\.openjfx\cache\15.0.1\api-ms-win-core-util-l1-1-0.dll
0x000007fed1d80000 - 0x000007fed1d83000 	C:\Users\fpinilla\.openjfx\cache\15.0.1\api-ms-win-crt-conio-l1-1-0.dll
0x000007fed1d70000 - 0x000007fed1d74000 	C:\Users\fpinilla\.openjfx\cache\15.0.1\api-ms-win-crt-convert-l1-1-0.dll
0x000007fed1d60000 - 0x000007fed1d63000 	C:\Users\fpinilla\.openjfx\cache\15.0.1\api-ms-win-crt-environment-l1-1-0.dll
0x000007fed1d50000 - 0x000007fed1d53000 	C:\Users\fpinilla\.openjfx\cache\15.0.1\api-ms-win-crt-filesystem-l1-1-0.dll
0x000007fed1d40000 - 0x000007fed1d43000 	C:\Users\fpinilla\.openjfx\cache\15.0.1\api-ms-win-crt-heap-l1-1-0.dll
0x000007fed1d30000 - 0x000007fed1d33000 	C:\Users\fpinilla\.openjfx\cache\15.0.1\api-ms-win-crt-locale-l1-1-0.dll
0x000007fed1d20000 - 0x000007fed1d25000 	C:\Users\fpinilla\.openjfx\cache\15.0.1\api-ms-win-crt-math-l1-1-0.dll
0x000007fed1980000 - 0x000007fed1985000 	C:\Users\fpinilla\.openjfx\cache\15.0.1\api-ms-win-crt-multibyte-l1-1-0.dll
0x000007fed1970000 - 0x000007fed1980000 	C:\Users\fpinilla\.openjfx\cache\15.0.1\api-ms-win-crt-private-l1-1-0.dll
0x000007fed1960000 - 0x000007fed1963000 	C:\Users\fpinilla\.openjfx\cache\15.0.1\api-ms-win-crt-process-l1-1-0.dll
0x000007fed1950000 - 0x000007fed1954000 	C:\Users\fpinilla\.openjfx\cache\15.0.1\api-ms-win-crt-runtime-l1-1-0.dll
0x000007fed1940000 - 0x000007fed1944000 	C:\Users\fpinilla\.openjfx\cache\15.0.1\api-ms-win-crt-stdio-l1-1-0.dll
0x000007fed1930000 - 0x000007fed1934000 	C:\Users\fpinilla\.openjfx\cache\15.0.1\api-ms-win-crt-string-l1-1-0.dll
0x000007fec89c0000 - 0x000007fec89c3000 	C:\Users\fpinilla\.openjfx\cache\15.0.1\api-ms-win-crt-time-l1-1-0.dll
0x000007fec89b0000 - 0x000007fec89b3000 	C:\Users\fpinilla\.openjfx\cache\15.0.1\api-ms-win-crt-utility-l1-1-0.dll
0x000007fea7680000 - 0x000007fea777c000 	C:\Users\fpinilla\.openjfx\cache\15.0.1\ucrtbase.dll
0x000007fec8990000 - 0x000007fec89a5000 	C:\Users\fpinilla\.openjfx\cache\15.0.1\vcruntime140.dll
0x000007fec8830000 - 0x000007fec88cb000 	C:\Users\fpinilla\.openjfx\cache\15.0.1\msvcp140.dll
0x000007fec8960000 - 0x000007fec8983000 	C:\Users\fpinilla\.openjfx\cache\15.0.1\prism_d3d.dll
0x000007feeb600000 - 0x000007feeb7ff000 	C:\Windows\system32\d3d9.dll
0x000007fef56d0000 - 0x000007fef56d7000 	C:\Windows\system32\d3d8thk.dll
0x000007fefac10000 - 0x000007fefac28000 	C:\Windows\system32\dwmapi.dll
0x000007fefb170000 - 0x000007fefb1c6000 	C:\Windows\system32\uxtheme.dll
0x000007feab0c0000 - 0x000007feabb2d000 	C:\Windows\system32\igdumdim64.dll
0x000007fef25e0000 - 0x000007fef2a45000 	C:\Windows\system32\igdusc64.dll
0x000007fec87e0000 - 0x000007fec8825000 	C:\Users\fpinilla\.openjfx\cache\15.0.1\glass.dll
0x000007fefd790000 - 0x000007fefd827000 	C:\Windows\system32\COMDLG32.dll
0x000007fefd690000 - 0x000007fefd76b000 	C:\Windows\system32\OLEAUT32.dll
0x000007fefcaf0000 - 0x000007fefcaff000 	C:\Windows\system32\CRYPTBASE.dll
0x000000006bac0000 - 0x000000006bd39000 	C:\Users\fpinilla\Desktop\HMI\Workspaces\fastcom\fastcom_test\src\dll\fastcomdll.dll
0x000000006fc40000 - 0x000000006fda3000 	C:\Program Files\mingw-w64\x86_64-8.1.0-posix-seh-rt_v6-rev0\mingw64\bin\libstdc++-6.dll
0x0000000061440000 - 0x000000006145a000 	C:\Program Files\mingw-w64\x86_64-8.1.0-posix-seh-rt_v6-rev0\mingw64\bin\libgcc_s_seh-1.dll
0x0000000064940000 - 0x0000000064955000 	C:\Program Files\mingw-w64\x86_64-8.1.0-posix-seh-rt_v6-rev0\mingw64\bin\libwinpthread-1.dll
0x000007fec1760000 - 0x000007fec1774000 	C:\Users\fpinilla\.openjfx\cache\15.0.1\javafx_font.dll
0x000007feec230000 - 0x000007feec3c8000 	C:\Windows\system32\dwrite.dll
0x000007fefd020000 - 0x000007fefd0b9000 	C:\Windows\system32\CLBCatQ.DLL
0x000007fefa6e0000 - 0x000007fefa841000 	C:\Windows\system32\WindowsCodecs.dll
0x000007fefca90000 - 0x000007fefcae7000 	C:\Windows\system32\apphelp.dll
0x000007fef23e0000 - 0x000007fef252f000 	C:\Users\fpinilla\AppData\Local\Microsoft\OneDrive\21.073.0411.0002\amd64\FileSyncShell64.dll
0x000007fefb3d0000 - 0x000007fefb4fc000 	C:\Windows\system32\PROPSYS.dll
0x000007fefcd30000 - 0x000007fefce9d000 	C:\Windows\system32\CRYPT32.dll
0x000007fefcc60000 - 0x000007fefcc6f000 	C:\Windows\system32\MSASN1.dll
0x000007fefef40000 - 0x000007feff3ec000 	C:\Windows\system32\WININET.dll
0x000007fefd000000 - 0x000007fefd004000 	C:\Windows\system32\api-ms-win-downlevel-user32-l1-1-0.dll

dbghelp: loaded successfully - version: 4.0.5 - missing functions: none
symbol engine: initialized successfully - sym options: 0x614 - pdb path: .;C:\Program Files\Java\jdk-16.0.1\bin;C:\Windows\SYSTEM32;C:\Windows\WinSxS\amd64_microsoft.windows.common-controls_6595b64144ccf1df_6.0.7601.24483_none_e372d88f30fbb845;C:\Program Files\Java\jdk-16.0.1\bin\server;C:\Users\fpinilla\.openjfx\cache\15.0.1;C:\Users\fpinilla\Desktop\HMI\Workspaces\fastcom\fastcom_test\src\dll;C:\Program Files\mingw-w64\x86_64-8.1.0-posix-seh-rt_v6-rev0\mingw64\bin;C:\Users\fpinilla\AppData\Local\Microsoft\OneDrive\21.073.0411.0002\amd64;C:\Program Files (x86)\Common Files\Adobe\CoreSyncExtension;C:\Program Files\Common Files\TortoiseOverlays;C:\Program Files\TortoiseGit\bin;C:\Program Files\Common Files\Microsoft Shared\Ink

VM Arguments:
jvm_args: -Djava.library.path=C:\Users\fpinilla\Desktop\HMI\Workspaces\fastcom\fastcom_test\src\dll -Dfile.encoding=Cp1252 --module-path=C:\Users\fpinilla\Desktop\HMI\Workspaces\fastcom\fastcom_test\target\classes;C:\Users\fpinilla\.m2\repository\org\openjfx\javafx-controls\15.0.1\javafx-controls-15.0.1-win.jar;C:\Users\fpinilla\.m2\repository\org\openjfx\javafx-graphics\15.0.1\javafx-graphics-15.0.1-win.jar;C:\Users\fpinilla\.m2\repository\org\openjfx\javafx-base\15.0.1\javafx-base-15.0.1-win.jar;C:\Users\fpinilla\.m2\repository\org\openjfx\javafx-fxml\17-ea+9\javafx-fxml-17-ea+9-win.jar -XX:+ShowCodeDetailsInExceptionMessages -Djdk.module.main=fastcom_test 
java_command: fastcom_test/main.Main java -Djava.library.path =. dll
java_class_path (initial): C:\Users\fpinilla\.m2\repository\org\openjfx\javafx-controls\15.0.1\javafx-controls-15.0.1.jar;C:\Users\fpinilla\.m2\repository\org\openjfx\javafx-graphics\15.0.1\javafx-graphics-15.0.1.jar;C:\Users\fpinilla\.m2\repository\org\openjfx\javafx-base\15.0.1\javafx-base-15.0.1.jar;C:\Users\fpinilla\.m2\repository\org\openjfx\javafx-fxml\17-ea+9\javafx-fxml-17-ea+9.jar
Launcher Type: SUN_STANDARD

[Global flags]
     intx CICompilerCount                          = 3                                         {product} {ergonomic}
     uint ConcGCThreads                            = 1                                         {product} {ergonomic}
     uint G1ConcRefinementThreads                  = 4                                         {product} {ergonomic}
   size_t G1HeapRegionSize                         = 2097152                                   {product} {ergonomic}
    uintx GCDrainStackTargetSize                   = 64                                        {product} {ergonomic}
   size_t InitialHeapSize                          = 201326592                                 {product} {ergonomic}
   size_t MarkStackSize                            = 4194304                                   {product} {ergonomic}
   size_t MaxHeapSize                              = 3198156800                                {product} {ergonomic}
   size_t MaxNewSize                               = 1918894080                                {product} {ergonomic}
   size_t MinHeapDeltaBytes                        = 2097152                                   {product} {ergonomic}
   size_t MinHeapSize                              = 8388608                                   {product} {ergonomic}
    uintx NonNMethodCodeHeapSize                   = 5832780                                {pd product} {ergonomic}
    uintx NonProfiledCodeHeapSize                  = 122912730                              {pd product} {ergonomic}
    uintx ProfiledCodeHeapSize                     = 122912730                              {pd product} {ergonomic}
    uintx ReservedCodeCacheSize                    = 251658240                              {pd product} {ergonomic}
     bool SegmentedCodeCache                       = true                                      {product} {ergonomic}
     bool ShowCodeDetailsInExceptionMessages       = true                                   {manageable} {command line}
   size_t SoftMaxHeapSize                          = 3198156800                             {manageable} {ergonomic}
     bool UseCompressedClassPointers               = true                           {product lp64_product} {ergonomic}
     bool UseCompressedOops                        = true                           {product lp64_product} {ergonomic}
     bool UseG1GC                                  = true                                      {product} {ergonomic}
     bool UseLargePagesIndividualAllocation        = false                                  {pd product} {ergonomic}

Logging:
Log output configuration:
 #0: stdout all=warning uptime,level,tags
 #1: stderr all=off uptime,level,tags

Environment Variables:
PATH=C:/Users/fpinilla/.p2/pool/plugins/org.eclipse.justj.openjdk.hotspot.jre.full.win32.x86_64_15.0.2.v20210201-0955/jre/bin/server;C:/Users/fpinilla/.p2/pool/plugins/org.eclipse.justj.openjdk.hotspot.jre.full.win32.x86_64_15.0.2.v20210201-0955/jre/bin;C:\Program Files\Java\jdk-16.0.1\bin;C:\Windows\system32;C:\Windows;C:\Windows\System32\Wbem;C:\Windows\System32\WindowsPowerShell\v1.0\;C:\Windows\system32\config\systemprofile\.dnx\bin;C:\Program Files\Microsoft DNX\Dnvm\;C:\Program Files\Microsoft SQL Server\130\Tools\Binn\;C:\Program Files (x86)\Windows Kits\8.1\Windows Performance Toolkit\;C:\Program Files\TortoiseGit\bin;C:\Program Files\nodejs\;C:\Program Files\Git\cmd;C:\Program Files\mingw-w64\x86_64-8.1.0-posix-seh-rt_v6-rev0\mingw64\bin;C:\Users\fpinilla\.windows-build-tools\python27\;C:\Users\fpinilla\AppData\Local\Programs\Microsoft VS Code\bin;C:\Users\fpinilla\AppData\Roaming\npm;C:\Users\fpinilla\AppData\Local\GitHubDesktop\bin;C:\Users\fpinilla\AppData\Local\Programs\Python\Python37;C:\Users\fpinilla\AppData\Local\Programs\Python\Python37\Scripts;C:\Program Files\mingw-w64\x86_64-8.1.0-posix-seh-rt_v6-rev0\mingw64\bin;C:\Users\fpinilla\Desktop;
USERNAME=fpinilla
OS=Windows_NT
PROCESSOR_IDENTIFIER=Intel64 Family 6 Model 60 Stepping 3, GenuineIntel



---------------  S Y S T E M  ---------------

OS:
 Windows 7 , 64 bit Build 7601 (6.1.7601.24520)
OS uptime: 0 days 7:05 hours

CPU: total 4 (initial active 4) (4 cores per cpu, 1 threads per core) family 6 model 60 stepping 3 microcode 0x0, cx8, cmov, fxsr, mmx, sse, sse2, sse3, ssse3, sse4.1, sse4.2, popcnt, lzcnt, tsc, tscinvbit, avx, avx2, aes, erms, clmul, bmi1, bmi2, fma, vzeroupper, clflush

Memory: 4k page, system-wide physical 12196M (899M free)
TotalPageFile size 24390M (AvailPageFile size 10609M)
current process WorkingSet (physical memory assigned to process): 143M, peak: 144M
current process commit charge ("private bytes"): 358M, peak: 360M

vm_info: Java HotSpot(TM) 64-Bit Server VM (16.0.1+9-24) for windows-amd64 JRE (16.0.1+9-24), built on Mar 26 2021 19:31:42 by "mach5one" with MS VC++ 16.7 (VS2019)

END.
